12:37:28.001 [main                     ] DEBUG Logger               - Configured Logger
12:37:28.001 [main                     ] DEBUG GameApplication      - Logging settings
Title: BombermanFXGL 
Version: 0.1
Width: 600
Height: 600
Fullscreen: false
Intro: false
Profiling: false
Single step:false
App Mode: DEVELOPER
Menu Key: ESCAPE
Stage Style: DECORATED
Scene Factory: class com.example.bombermanfxgl.BombermanApp$1

12:37:30.452 [JavaFX Application Thread] DEBUG FXGLApplication      - Initializing FXGL
12:37:30.455 [JavaFX Application Thread] INFO  Engine               - FXGL-11.17 (16.07.2021 15.46) on WINDOWS (J:17.0.1 FX:17-ea)
12:37:30.456 [JavaFX Application Thread] DEBUG Engine               - JRE Vendor Name: Oracle Corporation
12:37:30.456 [JavaFX Application Thread] DEBUG Engine               - Running on OS: Windows 10 version 10.0
12:37:30.456 [JavaFX Application Thread] DEBUG Engine               - Architecture: amd64
12:37:30.456 [JavaFX Application Thread] INFO  Engine               - Source code and latest versions at: https://github.com/AlmasB/FXGL
12:37:30.456 [JavaFX Application Thread] INFO  Engine               -              Join the FXGL chat at: https://gitter.im/AlmasB/FXGL
12:37:30.526 [JavaFX Application Thread] DEBUG PrimaryStageWindow   - Creating a JavaFX scene
12:37:30.577 [JavaFX Application Thread] DEBUG PrimaryStageWindow   - Target settings size: 600.0 x 600.0
12:37:30.577 [JavaFX Application Thread] DEBUG PrimaryStageWindow   - Scaled scene size:    600.0 x 600.0
12:37:30.577 [JavaFX Application Thread] DEBUG PrimaryStageWindow   - Scaled ratio: (1.0, 1.0)
12:37:30.577 [JavaFX Application Thread] DEBUG PrimaryStageWindow   - Set initial scene to FXGLStartupScene
12:37:30.582 [JavaFX Application Thread] DEBUG PrimaryStageWindow   - Opening main window
12:37:30.652 [JavaFX Application Thread] DEBUG PrimaryStageWindow   - Window border size: (14.4000244140625, 37.5999755859375)
12:37:30.653 [JavaFX Application Thread] DEBUG PrimaryStageWindow   - Scaled size: 600.0 x 600.0
12:37:30.653 [JavaFX Application Thread] DEBUG PrimaryStageWindow   - Scaled ratio: (1.0, 1.0)
12:37:30.653 [JavaFX Application Thread] DEBUG PrimaryStageWindow   - Scene size: 600.0 x 600.0
12:37:30.653 [JavaFX Application Thread] DEBUG PrimaryStageWindow   - Stage size: 614.4000244140625 x 637.5999755859375
12:37:30.666 [FXGL Background Thread 1 ] DEBUG Engine               - Initializing environment variables
12:37:30.721 [FXGL Background Thread 1 ] DEBUG FXGLAssetLoaderServi - User app class for loading assets: class com.example.bombermanfxgl.BombermanApp
12:37:30.721 [FXGL Background Thread 1 ] DEBUG GameApplicationServi - Applying CSS: fxgl_dark.css
12:37:30.722 [FXGL Background Thread 1 ] DEBUG FXGLAssetLoaderServi - Loading from file system: jar:file:///C:/Users/HP/.m2/repository/com/github/almasb/fxgl/11.17/fxgl-11.17.jar!/fxglassets/ui/css/fxgl_dark.css
12:37:30.769 [FXGL Background Thread 1 ] DEBUG GameApplicationServi - Initializing application scenes
12:37:30.813 [FXGL Background Thread 1 ] DEBUG GameWorld            - Game world initialized
12:37:30.868 [FXGL Background Thread 1 ] DEBUG PhysicsWorld         - Physics world initialized: appHeight=600, physics.ppm=50.0
12:37:30.869 [FXGL Background Thread 1 ] DEBUG PhysicsWorld         - Using strategy: BRUTE_FORCE
12:37:30.871 [FXGL Background Thread 1 ] DEBUG GameScene            - Game scene initialized: 600x600
12:37:30.877 [FXGL Background Thread 1 ] DEBUG FXGLAssetLoaderServi - Loading from file system: jar:file:///C:/Users/HP/.m2/repository/com/github/almasb/fxgl/11.17/fxgl-11.17.jar!/fxglassets/textures/pause_menu_bg.png
12:37:30.918 [FXGL Background Thread 1 ] DEBUG GameApplicationServi - Application scenes initialized
12:37:30.929 [FXGL Background Thread 1 ] DEBUG SystemBundleService  - Loading FXGL system data
12:37:30.934 [FXGL Background Thread 1 ] DEBUG FileSystemAccess     - Reading from: C:\Users\HP\intellij\bombermanFXGL\system\fxgl.bundle
12:37:30.942 [FXGL Background Thread 1 ] DEBUG SystemBundleService  - Bundle FXGL: {}
12:37:30.942 [FXGL Background Thread 1 ] DEBUG UpdaterService       - Checking for updates
12:37:30.953 [FXGL Background Thread 4 ] DEBUG FXGLApplication      - Loading fonts
12:37:30.954 [FXGL Background Thread 4 ] DEBUG FXGLAssetLoaderServi - Loading from file system: jar:file:///C:/Users/HP/.m2/repository/com/github/almasb/fxgl/11.17/fxgl-11.17.jar!/fxglassets/ui/fonts/VarelaRound-Regular.ttf
12:37:30.954 [FXGL Background Thread 1 ] DEBUG FXGLApplication      - Loading default localization
12:37:30.955 [FXGL Background Thread 1 ] DEBUG FXGLAssetLoaderServi - Loading from file system: jar:file:///C:/Users/HP/.m2/repository/com/github/almasb/fxgl/11.17/fxgl-11.17.jar!/fxglassets/languages/english.lang
12:37:30.975 [FXGL Background Thread 1 ] INFO  FXGLApplication      - FXGL initialization took: 0.309 sec
12:37:30.994 [JavaFX Application Thread] DEBUG Input                - Registered new binding: Move Up - Up
12:37:30.994 [JavaFX Application Thread] DEBUG Input                - Registered new binding: Move Down - Down
12:37:30.994 [JavaFX Application Thread] DEBUG Input                - Registered new binding: Move Left - Left
12:37:30.995 [JavaFX Application Thread] DEBUG Input                - Registered new binding: Move Right - Right
12:37:30.995 [JavaFX Application Thread] DEBUG Input                - Registered new binding: Bomb Placed - X
12:37:30.995 [JavaFX Application Thread] DEBUG Input                - Registered new binding: Primer! - V
12:37:30.996 [JavaFX Application Thread] DEBUG FXGLAssetLoaderServi - Loading from file system: jar:file:///C:/Users/HP/.m2/repository/com/github/almasb/fxgl/11.17/fxgl-11.17.jar!/fxglassets/textures/fxgl_icon.png
12:37:31.035 [JavaFX Application Thread] DEBUG FXGLAssetLoaderServi - Loading from file system: jar:file:///C:/Users/HP/.m2/repository/com/github/almasb/fxgl/11.17/fxgl-11.17.jar!/fxglassets/textures/fxgl_default_cursor.png
12:37:31.038 [JavaFX Application Thread] DEBUG Input                - Registered new binding: Screenshot - CTRL+8
12:37:31.039 [JavaFX Application Thread] DEBUG Input                - Registered new binding: System info dump - CTRL+9
12:37:31.039 [JavaFX Application Thread] DEBUG Input                - Registered new binding: Restart - CTRL+R
12:37:31.040 [JavaFX Application Thread] DEBUG Input                - Registered new binding: Toggle Debug Camera - CTRL+C
12:37:31.043 [JavaFX Application Thread] DEBUG LoopRunner           - Starting loop
12:37:31.043 [JavaFX Application Thread] DEBUG LoopRunner           - Initializing JavaFX AnimationTimerLoop
12:37:31.048 [JavaFX Application Thread] DEBUG GameApplicationServi - Starting new game
12:37:31.049 [JavaFX Application Thread] DEBUG Input                - Clearing active input actions
12:37:31.065 [JavaFX Application Thread] DEBUG GameApplicationServi - Removing overlay from FXGLStartupScene and adding to FXGLLoadingScene
12:37:31.066 [JavaFX Application Thread] DEBUG PrimaryStageWindow   - FXGLStartupScene -> FXGLLoadingScene
12:37:31.066 [JavaFX Application Thread] DEBUG GameApplicationServi - Clearing previous game
12:37:31.066 [JavaFX Application Thread] DEBUG GameScene            - Clearing game scene
12:37:31.067 [JavaFX Application Thread] DEBUG GameWorld            - Clearing game world
12:37:31.068 [JavaFX Application Thread] DEBUG PhysicsWorld         - Clearing physics world
12:37:31.069 [FXGL Background Thread 4 ] DEBUG FXGLAssetLoaderServi - Loading from file system: jar:file:///C:/Users/HP/.m2/repository/com/github/almasb/fxgl/11.17/fxgl-11.17.jar!/fxglassets/ui/fonts/Abel-Regular.ttf
12:37:31.070 [FXGL Background Thread 1 ] DEBUG FXGLApplication      - Initializing game
12:37:31.074 [FXGL Background Thread 4 ] DEBUG FXGLAssetLoaderServi - Loading from file system: jar:file:///C:/Users/HP/.m2/repository/com/github/almasb/fxgl/11.17/fxgl-11.17.jar!/fxglassets/ui/fonts/lucida_console.ttf
12:37:31.109 [FXGL Background Thread 4 ] DEBUG FXGLAssetLoaderServi - Loading from file system: jar:file:///C:/Users/HP/.m2/repository/com/github/almasb/fxgl/11.17/fxgl-11.17.jar!/fxglassets/ui/fonts/Courier-Prime.ttf
12:37:31.148 [JavaFX Application Thread] DEBUG FXGLApplication      - Registering font factories with UI factory
12:37:31.375 [FXGL Background Thread 1 ] DEBUG FXGLAssetLoaderServi - Loading from file system: file:/C:/Users/HP/intellij/bombermanFXGL/target/classes/assets/music/retro.mp3
12:37:31.692 [FXGL Background Thread 2 ] INFO  UpdaterService       - Your current version:  11.17
12:37:31.692 [FXGL Background Thread 2 ] INFO  UpdaterService       - Latest stable version: 17
12:37:32.186 [FXGL Background Thread 1 ] DEBUG FXGLAssetLoaderServi - Loading from file system: file:/C:/Users/HP/intellij/bombermanFXGL/target/classes/assets/textures/block/rock.png
12:37:32.276 [FXGL Background Thread 1 ] DEBUG GameWorld            - Clearing removable entities
12:37:32.277 [FXGL Background Thread 1 ] DEBUG GameWorld            - Setting level: com.almasb.fxgl.entity.level.Level@563c5653
12:37:32.286 [FXGL Background Thread 1 ] DEBUG FXGLAssetLoaderServi - Loading from file system: file:/C:/Users/HP/intellij/bombermanFXGL/target/classes/assets/textures/block/sand.png
12:37:32.385 [FXGL Background Thread 1 ] DEBUG FXGLAssetLoaderServi - Loading from file system: file:/C:/Users/HP/intellij/bombermanFXGL/target/classes/assets/textures/bomber/p_sprite.png
12:37:32.437 [FXGL Background Thread 1 ] DEBUG FXGLAssetLoaderServi - Loading from file system: file:/C:/Users/HP/intellij/bombermanFXGL/target/classes/assets/textures/block/glass.png
12:37:32.534 [FXGL Background Thread 1 ] DEBUG FXGLAssetLoaderServi - Loading from file system: file:/C:/Users/HP/intellij/bombermanFXGL/target/classes/assets/textures/enemy/enemyDie.png
12:37:32.649 [FXGL Background Thread 1 ] DEBUG FXGLAssetLoaderServi - Loading from file system: file:/C:/Users/HP/intellij/bombermanFXGL/target/classes/assets/textures/enemy/octopusSprite.png
12:37:32.688 [FXGL Background Thread 1 ] INFO  FXGLApplication      - Game initialization took: 1.618 sec
12:37:32.695 [JavaFX Application Thread] DEBUG Input                - Clearing active input actions
12:37:32.714 [JavaFX Application Thread] DEBUG GameApplicationServi - Removing overlay from FXGLLoadingScene and adding to GameScene
12:37:32.714 [JavaFX Application Thread] DEBUG PrimaryStageWindow   - FXGLLoadingScene -> GameScene
12:37:33.949 [FXGL Background Thread 3 ] DEBUG Engine               - Logging environment variables
12:37:33.949 [FXGL Background Thread 3 ] DEBUG Engine               - achievements: []
12:37:33.949 [FXGL Background Thread 3 ] DEBUG Engine               - actualHeight: 600.0
12:37:33.950 [FXGL Background Thread 3 ] DEBUG Engine               - actualHeightProperty: ReadOnlyDoubleProperty [value: 600.0]
12:37:33.950 [FXGL Background Thread 3 ] DEBUG Engine               - actualWidth: 600.0
12:37:33.950 [FXGL Background Thread 3 ] DEBUG Engine               - actualWidthProperty: ReadOnlyDoubleProperty [value: 600.0]
12:37:33.950 [FXGL Background Thread 3 ] DEBUG Engine               - appIcon: fxgl_icon.png
12:37:33.950 [FXGL Background Thread 3 ] DEBUG Engine               - applicationMode: DEVELOPER
12:37:33.950 [FXGL Background Thread 3 ] DEBUG Engine               - cSSList: [fxgl_dark.css]
12:37:33.950 [FXGL Background Thread 3 ] DEBUG Engine               - collisionDetectionStrategy: BRUTE_FORCE
12:37:33.950 [FXGL Background Thread 3 ] DEBUG Engine               - configClass: Optional.empty
12:37:33.950 [FXGL Background Thread 3 ] DEBUG Engine               - credits: []
12:37:33.951 [FXGL Background Thread 3 ] DEBUG Engine               - defaultCursor: CursorInfo(imageName=fxgl_default_cursor.png, hotspotX=7.0, hotspotY=6.0)
12:37:33.951 [FXGL Background Thread 3 ] DEBUG Engine               - devBBoxColorProperty: ObjectProperty [value: 0xff0000ff]
12:37:33.951 [FXGL Background Thread 3 ] DEBUG Engine               - devEnableDebugCameraProperty: BooleanProperty [value: false]
12:37:33.951 [FXGL Background Thread 3 ] DEBUG Engine               - devSensorColorProperty: ObjectProperty [value: 0xffff00ff]
12:37:33.951 [FXGL Background Thread 3 ] DEBUG Engine               - devShowBBoxProperty: BooleanProperty [value: false]
12:37:33.951 [FXGL Background Thread 3 ] DEBUG Engine               - devShowPositionProperty: BooleanProperty [value: false]
12:37:33.951 [FXGL Background Thread 3 ] DEBUG Engine               - enabledMenuItems: []
12:37:33.951 [FXGL Background Thread 3 ] DEBUG Engine               - engineServices: [class com.almasb.fxgl.app.services.FXGLAssetLoaderService, class com.almasb.fxgl.app.FXGLApplication$GameApplicationService, class com.almasb.fxgl.app.services.FXGLDialogService, class com.almasb.fxgl.app.services.IOTaskExecutorService, class com.almasb.fxgl.io.FileSystemService, class com.almasb.fxgl.localization.LocalizationService, class com.almasb.fxgl.app.services.SystemBundleService, class com.almasb.fxgl.profile.SaveLoadService, class com.almasb.fxgl.ui.FXGLUIFactoryServiceProvider, class com.almasb.fxgl.ui.FXGLDialogFactoryServiceProvider, class com.almasb.fxgl.audio.AudioPlayer, class com.almasb.fxgl.notification.impl.NotificationServiceProvider, class com.almasb.fxgl.achievement.AchievementService, class com.almasb.fxgl.cutscene.CutsceneService, class com.almasb.fxgl.minigames.MiniGameService, class com.almasb.fxgl.net.NetService, class com.almasb.fxgl.app.services.UpdaterService, class com.almasb.fxgl.dev.DevService]
12:37:33.951 [FXGL Background Thread 3 ] DEBUG Engine               - fontGame: Abel-Regular.ttf
12:37:33.951 [FXGL Background Thread 3 ] DEBUG Engine               - fontMono: lucida_console.ttf
12:37:33.952 [FXGL Background Thread 3 ] DEBUG Engine               - fontText: Courier-Prime.ttf
12:37:33.952 [FXGL Background Thread 3 ] DEBUG Engine               - fontUI: VarelaRound-Regular.ttf
12:37:33.952 [FXGL Background Thread 3 ] DEBUG Engine               - fullScreen: BooleanProperty [value: false]
12:37:33.952 [FXGL Background Thread 3 ] DEBUG Engine               - gameDifficulty: MEDIUM
12:37:33.952 [FXGL Background Thread 3 ] DEBUG Engine               - gameDifficultyProperty: ObjectProperty [value: MEDIUM]
12:37:33.952 [FXGL Background Thread 3 ] DEBUG Engine               - globalMusicVolume: 0.5
12:37:33.952 [FXGL Background Thread 3 ] DEBUG Engine               - globalMusicVolumeProperty: DoubleProperty [value: 0.5]
12:37:33.952 [FXGL Background Thread 3 ] DEBUG Engine               - globalSoundVolume: 0.5
12:37:33.952 [FXGL Background Thread 3 ] DEBUG Engine               - globalSoundVolumeProperty: DoubleProperty [value: 0.5]
12:37:33.952 [FXGL Background Thread 3 ] DEBUG Engine               - height: 600
12:37:33.952 [FXGL Background Thread 3 ] DEBUG Engine               - is3D: false
12:37:33.953 [FXGL Background Thread 3 ] DEBUG Engine               - isAndroid: false
12:37:33.953 [FXGL Background Thread 3 ] DEBUG Engine               - isBrowser: false
12:37:33.953 [FXGL Background Thread 3 ] DEBUG Engine               - isClickFeedbackEnabled: false
12:37:33.953 [FXGL Background Thread 3 ] DEBUG Engine               - isCloseConfirmation: false
12:37:33.953 [FXGL Background Thread 3 ] DEBUG Engine               - isDesktop: true
12:37:33.953 [FXGL Background Thread 3 ] DEBUG Engine               - isDeveloperMenuEnabled: false
12:37:33.953 [FXGL Background Thread 3 ] DEBUG Engine               - isEntityPreloadEnabled: true
12:37:33.953 [FXGL Background Thread 3 ] DEBUG Engine               - isExperimentalTiledLargeMap: false
12:37:33.953 [FXGL Background Thread 3 ] DEBUG Engine               - isFileSystemWriteAllowed: true
12:37:33.953 [FXGL Background Thread 3 ] DEBUG Engine               - isFullScreenAllowed: false
12:37:33.953 [FXGL Background Thread 3 ] DEBUG Engine               - isFullScreenFromStart: false
12:37:33.953 [FXGL Background Thread 3 ] DEBUG Engine               - isGameMenuEnabled: true
12:37:33.953 [FXGL Background Thread 3 ] DEBUG Engine               - isIOS: false
12:37:33.954 [FXGL Background Thread 3 ] DEBUG Engine               - isIntroEnabled: false
12:37:33.954 [FXGL Background Thread 3 ] DEBUG Engine               - isLinux: false
12:37:33.954 [FXGL Background Thread 3 ] DEBUG Engine               - isMac: false
12:37:33.954 [FXGL Background Thread 3 ] DEBUG Engine               - isMainMenuEnabled: false
12:37:33.954 [FXGL Background Thread 3 ] DEBUG Engine               - isManualResizeEnabled: false
12:37:33.954 [FXGL Background Thread 3 ] DEBUG Engine               - isMobile: false
12:37:33.954 [FXGL Background Thread 3 ] DEBUG Engine               - isNative: false
12:37:33.954 [FXGL Background Thread 3 ] DEBUG Engine               - isPauseMusicWhenMinimized: true
12:37:33.955 [FXGL Background Thread 3 ] DEBUG Engine               - isPreserveResizeRatio: false
12:37:33.955 [FXGL Background Thread 3 ] DEBUG Engine               - isProfilingEnabled: false
12:37:33.955 [FXGL Background Thread 3 ] DEBUG Engine               - isScaleAffectedOnResize: true
12:37:33.955 [FXGL Background Thread 3 ] DEBUG Engine               - isSingleStep: false
12:37:33.955 [FXGL Background Thread 3 ] DEBUG Engine               - isUserProfileEnabled: false
12:37:33.955 [FXGL Background Thread 3 ] DEBUG Engine               - isWindows: true
12:37:33.955 [FXGL Background Thread 3 ] DEBUG Engine               - language: ObjectProperty [value: ENGLISH]
12:37:33.955 [FXGL Background Thread 3 ] DEBUG Engine               - menuKey: ESCAPE
12:37:33.955 [FXGL Background Thread 3 ] DEBUG Engine               - mouseSensitivity: 0.2
12:37:33.955 [FXGL Background Thread 3 ] DEBUG Engine               - notificationViewClass: class com.almasb.fxgl.notification.view.XboxNotificationView
12:37:33.955 [FXGL Background Thread 3 ] DEBUG Engine               - pixelsPerMeter: 50.0
12:37:33.956 [FXGL Background Thread 3 ] DEBUG Engine               - platform: WINDOWS
12:37:33.956 [FXGL Background Thread 3 ] DEBUG Engine               - prefHeightProperty: ReadOnlyDoubleProperty [value: 600.0]
12:37:33.956 [FXGL Background Thread 3 ] DEBUG Engine               - prefWidthProperty: ReadOnlyDoubleProperty [value: 600.0]
12:37:33.956 [FXGL Background Thread 3 ] DEBUG Engine               - profileDir: profiles/
12:37:33.956 [FXGL Background Thread 3 ] DEBUG Engine               - profileName: StringProperty [value: DEFAULT]
12:37:33.956 [FXGL Background Thread 3 ] DEBUG Engine               - randomSeed: -1
12:37:33.956 [FXGL Background Thread 3 ] DEBUG Engine               - runtimeInfo: RuntimeInfo(platform=WINDOWS, version=11.17, build=16.07.2021 15.46)
12:37:33.956 [FXGL Background Thread 3 ] DEBUG Engine               - saveFileExt: sav
12:37:33.956 [FXGL Background Thread 3 ] DEBUG Engine               - scaledHeightProp$fxgl: DoubleProperty [bound, value: 600.0]
12:37:33.957 [FXGL Background Thread 3 ] DEBUG Engine               - scaledWidthProp$fxgl: DoubleProperty [bound, value: 600.0]
12:37:33.957 [FXGL Background Thread 3 ] DEBUG Engine               - sceneFactory: com.example.bombermanfxgl.BombermanApp$1@364b5f42
12:37:33.957 [FXGL Background Thread 3 ] DEBUG Engine               - secondsIn24h: 60
12:37:33.957 [FXGL Background Thread 3 ] DEBUG Engine               - soundMenuBack: menu/back.wav
12:37:33.957 [FXGL Background Thread 3 ] DEBUG Engine               - soundMenuPress: menu/press.wav
12:37:33.957 [FXGL Background Thread 3 ] DEBUG Engine               - soundMenuSelect: menu/select.wav
12:37:33.957 [FXGL Background Thread 3 ] DEBUG Engine               - soundNotification: core/notification.wav
12:37:33.957 [FXGL Background Thread 3 ] DEBUG Engine               - stageStyle: DECORATED
12:37:33.957 [FXGL Background Thread 3 ] DEBUG Engine               - supportedLanguages: [ENGLISH, FRENCH, GERMAN, HUNGARIAN, RUSSIAN]
12:37:33.958 [FXGL Background Thread 3 ] DEBUG Engine               - ticksPerSecond: -1
12:37:33.958 [FXGL Background Thread 3 ] DEBUG Engine               - title: BombermanFXGL 
12:37:33.958 [FXGL Background Thread 3 ] DEBUG Engine               - urlGithub: https://github.com/AlmasB/FXGL
12:37:33.958 [FXGL Background Thread 3 ] DEBUG Engine               - urlLeaderboard: http://fxgl-top.herokuapp.com/
12:37:33.958 [FXGL Background Thread 3 ] DEBUG Engine               - urlPOM: https://raw.githubusercontent.com/AlmasB/FXGL/release/README.md
12:37:33.958 [FXGL Background Thread 3 ] DEBUG Engine               - userAppClass: class com.example.bombermanfxgl.BombermanApp
12:37:33.958 [FXGL Background Thread 3 ] DEBUG Engine               - version: 0.1
12:37:33.958 [FXGL Background Thread 3 ] DEBUG Engine               - versionCheckDays: 7
12:37:33.958 [FXGL Background Thread 3 ] DEBUG Engine               - width: 600
12:37:33.958 [FXGL Background Thread 3 ] DEBUG Engine               - Logging services
12:37:33.958 [FXGL Background Thread 3 ] DEBUG Engine               - class com.almasb.fxgl.app.services.FXGLAssetLoaderService
12:37:33.959 [FXGL Background Thread 3 ] DEBUG Engine               - class com.almasb.fxgl.app.FXGLApplication$GameApplicationService
12:37:33.959 [FXGL Background Thread 3 ] DEBUG Engine               - class com.almasb.fxgl.app.services.FXGLDialogService
12:37:33.959 [FXGL Background Thread 3 ] DEBUG Engine               - class com.almasb.fxgl.app.services.IOTaskExecutorService
12:37:33.959 [FXGL Background Thread 3 ] DEBUG Engine               - class com.almasb.fxgl.io.FileSystemService
12:37:33.959 [FXGL Background Thread 3 ] DEBUG Engine               - class com.almasb.fxgl.localization.LocalizationService
12:37:33.960 [FXGL Background Thread 3 ] DEBUG Engine               - class com.almasb.fxgl.app.services.SystemBundleService
12:37:33.960 [FXGL Background Thread 3 ] DEBUG Engine               - class com.almasb.fxgl.profile.SaveLoadService
12:37:33.960 [FXGL Background Thread 3 ] DEBUG Engine               - class com.almasb.fxgl.ui.FXGLUIFactoryServiceProvider
12:37:33.960 [FXGL Background Thread 3 ] DEBUG Engine               - class com.almasb.fxgl.ui.FXGLDialogFactoryServiceProvider
12:37:33.960 [FXGL Background Thread 3 ] DEBUG Engine               - class com.almasb.fxgl.audio.AudioPlayer
12:37:33.961 [FXGL Background Thread 3 ] DEBUG Engine               - class com.almasb.fxgl.notification.impl.NotificationServiceProvider
12:37:33.961 [FXGL Background Thread 3 ] DEBUG Engine               - class com.almasb.fxgl.achievement.AchievementService
12:37:33.961 [FXGL Background Thread 3 ] DEBUG Engine               - class com.almasb.fxgl.cutscene.CutsceneService
12:37:33.961 [FXGL Background Thread 3 ] DEBUG Engine               - class com.almasb.fxgl.minigames.MiniGameService
12:37:33.961 [FXGL Background Thread 3 ] DEBUG Engine               - class com.almasb.fxgl.net.NetService
12:37:33.961 [FXGL Background Thread 3 ] DEBUG Engine               - class com.almasb.fxgl.app.services.UpdaterService
12:37:33.961 [FXGL Background Thread 3 ] DEBUG Engine               - class com.almasb.fxgl.dev.DevService
12:37:34.196 [JavaFX Application Thread] DEBUG FXGLAssetLoaderServi - Loading from file system: file:/C:/Users/HP/intellij/bombermanFXGL/target/classes/assets/textures/bomb/commonBomb.png
12:37:37.131 [JavaFX Application Thread] DEBUG FXGLAssetLoaderServi - Loading from file system: file:/C:/Users/HP/intellij/bombermanFXGL/target/classes/assets/sounds/explore.wav
12:37:37.213 [JavaFX Application Thread] DEBUG FXGLAssetLoaderServi - Loading from file system: file:/C:/Users/HP/intellij/bombermanFXGL/target/classes/assets/textures/bomb/flameSprite.png
12:37:37.754 [JavaFX Application Thread] DEBUG FXGLAssetLoaderServi - Loading from file system: file:/C:/Users/HP/intellij/bombermanFXGL/target/classes/assets/textures/item/itemSprite.png
12:37:41.915 [JavaFX Application Thread] DEBUG FXGLAssetLoaderServi - Loading from file system: file:/C:/Users/HP/intellij/bombermanFXGL/target/classes/assets/sounds/getItem.wav
12:37:50.901 [JavaFX Application Thread] DEBUG FXGLAssetLoaderServi - Loading from file system: file:/C:/Users/HP/intellij/bombermanFXGL/target/classes/assets/sounds/lose.wav
12:37:53.898 [JavaFX Application Thread] DEBUG GameApplicationServi - Starting new game
12:37:53.898 [JavaFX Application Thread] DEBUG Input                - Clearing active input actions
12:37:53.903 [JavaFX Application Thread] DEBUG GameApplicationServi - Removing overlay from GameScene and adding to FXGLLoadingScene
12:37:53.903 [JavaFX Application Thread] DEBUG PrimaryStageWindow   - GameScene -> FXGLLoadingScene
12:37:53.903 [JavaFX Application Thread] DEBUG GameApplicationServi - Clearing previous game
12:37:53.903 [JavaFX Application Thread] DEBUG GameScene            - Clearing game scene
12:37:53.903 [JavaFX Application Thread] DEBUG GameWorld            - Clearing game world
12:37:53.911 [JavaFX Application Thread] DEBUG PhysicsWorld         - Clearing physics world
12:37:53.912 [FXGL Background Thread 1 ] DEBUG FXGLApplication      - Initializing game
12:37:53.945 [FXGL Background Thread 1 ] DEBUG GameWorld            - Clearing removable entities
12:37:53.945 [FXGL Background Thread 1 ] DEBUG GameWorld            - Setting level: com.almasb.fxgl.entity.level.Level@465f5efb
12:37:53.980 [FXGL Background Thread 1 ] INFO  FXGLApplication      - Game initialization took: 0.068 sec
12:37:53.991 [JavaFX Application Thread] DEBUG Input                - Clearing active input actions
12:37:53.998 [JavaFX Application Thread] DEBUG GameApplicationServi - Removing overlay from FXGLLoadingScene and adding to GameScene
12:37:53.998 [JavaFX Application Thread] DEBUG PrimaryStageWindow   - FXGLLoadingScene -> GameScene
12:37:54.959 [JavaFX Application Thread] DEBUG FXGLApplication      - Exiting FXGL
12:37:54.959 [JavaFX Application Thread] DEBUG LoopRunner           - Stopping loop
12:37:54.959 [JavaFX Application Thread] DEBUG SystemBundleService  - Saving FXGL system data
12:37:54.988 [JavaFX Application Thread] DEBUG FileSystemAccess     - Writing to: C:\Users\HP\intellij\bombermanFXGL\system\fxgl.bundle
12:37:54.989 [JavaFX Application Thread] DEBUG Async                - Shutting down background threads
12:37:54.990 [JavaFX Application Thread] DEBUG PrimaryStageWindow   - Closing main window
12:37:55.001 [JavaFX Application Thread] DEBUG Logger               - Closing Logger
