14:26:45.964 [main                     ] DEBUG Logger               - Configured Logger
14:26:46.027 [main                     ] DEBUG GameApplication      - Logging settings
Title: BombermanFXGL 
Version: 0.1
Width: 600
Height: 600
Fullscreen: false
Intro: false
Profiling: false
Single step:false
App Mode: DEVELOPER
Menu Key: ESCAPE
Stage Style: DECORATED
Scene Factory: class com.example.bombermanfxgl.BombermanApp$1

14:26:49.485 [JavaFX Application Thread] DEBUG FXGLApplication      - Initializing FXGL
14:26:49.501 [JavaFX Application Thread] INFO  Engine               - FXGL-11.17 (16.07.2021 15.46) on WINDOWS (J:17.0.2 FX:17-ea)
14:26:49.501 [JavaFX Application Thread] DEBUG Engine               - JRE Vendor Name: Oracle Corporation
14:26:49.501 [JavaFX Application Thread] DEBUG Engine               - Running on OS: Windows 11 version 10.0
14:26:49.501 [JavaFX Application Thread] DEBUG Engine               - Architecture: amd64
14:26:49.502 [JavaFX Application Thread] INFO  Engine               - Source code and latest versions at: https://github.com/AlmasB/FXGL
14:26:49.502 [JavaFX Application Thread] INFO  Engine               -              Join the FXGL chat at: https://gitter.im/AlmasB/FXGL
14:26:49.703 [JavaFX Application Thread] DEBUG PrimaryStageWindow   - Creating a JavaFX scene
14:26:49.890 [JavaFX Application Thread] DEBUG PrimaryStageWindow   - Target settings size: 600.0 x 600.0
14:26:49.891 [JavaFX Application Thread] DEBUG PrimaryStageWindow   - Scaled scene size:    600.0 x 600.0
14:26:49.891 [JavaFX Application Thread] DEBUG PrimaryStageWindow   - Scaled ratio: (1.0, 1.0)
14:26:49.891 [JavaFX Application Thread] DEBUG PrimaryStageWindow   - Set initial scene to FXGLStartupScene
14:26:49.898 [JavaFX Application Thread] DEBUG PrimaryStageWindow   - Opening main window
14:26:50.113 [JavaFX Application Thread] DEBUG PrimaryStageWindow   - Window border size: (14.4000244140625, 37.5999755859375)
14:26:50.113 [JavaFX Application Thread] DEBUG PrimaryStageWindow   - Scaled size: 600.0 x 600.0
14:26:50.113 [JavaFX Application Thread] DEBUG PrimaryStageWindow   - Scaled ratio: (1.0, 1.0)
14:26:50.114 [JavaFX Application Thread] DEBUG PrimaryStageWindow   - Scene size: 600.0 x 600.0
14:26:50.114 [JavaFX Application Thread] DEBUG PrimaryStageWindow   - Stage size: 614.4000244140625 x 637.5999755859375
14:26:50.151 [FXGL Background Thread 1 ] DEBUG Engine               - Initializing environment variables
14:26:50.416 [FXGL Background Thread 1 ] DEBUG FXGLAssetLoaderServi - User app class for loading assets: class com.example.bombermanfxgl.BombermanApp
14:26:50.416 [FXGL Background Thread 1 ] DEBUG GameApplicationServi - Applying CSS: fxgl_dark.css
14:26:50.417 [FXGL Background Thread 1 ] DEBUG FXGLAssetLoaderServi - Loading from file system: jar:file:///C:/Users/HP/.m2/repository/com/github/almasb/fxgl/11.17/fxgl-11.17.jar!/fxglassets/ui/css/fxgl_dark.css
14:26:50.495 [FXGL Background Thread 1 ] DEBUG GameApplicationServi - Initializing application scenes
14:26:50.633 [FXGL Background Thread 1 ] DEBUG GameWorld            - Game world initialized
14:26:50.801 [FXGL Background Thread 1 ] DEBUG PhysicsWorld         - Physics world initialized: appHeight=600, physics.ppm=50.0
14:26:50.801 [FXGL Background Thread 1 ] DEBUG PhysicsWorld         - Using strategy: BRUTE_FORCE
14:26:50.804 [FXGL Background Thread 1 ] DEBUG GameScene            - Game scene initialized: 600x600
14:26:50.811 [FXGL Background Thread 1 ] DEBUG FXGLAssetLoaderServi - Loading from file system: jar:file:///C:/Users/HP/.m2/repository/com/github/almasb/fxgl/11.17/fxgl-11.17.jar!/fxglassets/textures/pause_menu_bg.png
14:26:50.856 [FXGL Background Thread 1 ] DEBUG GameApplicationServi - Application scenes initialized
14:26:50.879 [FXGL Background Thread 1 ] DEBUG SystemBundleService  - Loading FXGL system data
14:26:50.900 [FXGL Background Thread 1 ] DEBUG FileSystemAccess     - Reading from: C:\Users\HP\intellij\bombermanFXGL\system\fxgl.bundle
14:26:50.953 [FXGL Background Thread 1 ] DEBUG SystemBundleService  - Bundle FXGL: {}
14:26:50.954 [FXGL Background Thread 1 ] DEBUG UpdaterService       - Checking for updates
14:26:50.967 [FXGL Background Thread 4 ] DEBUG FXGLApplication      - Loading fonts
14:26:50.967 [FXGL Background Thread 1 ] DEBUG FXGLApplication      - Loading default localization
14:26:50.968 [FXGL Background Thread 4 ] DEBUG FXGLAssetLoaderServi - Loading from file system: jar:file:///C:/Users/HP/.m2/repository/com/github/almasb/fxgl/11.17/fxgl-11.17.jar!/fxglassets/ui/fonts/VarelaRound-Regular.ttf
14:26:50.968 [FXGL Background Thread 1 ] DEBUG FXGLAssetLoaderServi - Loading from file system: jar:file:///C:/Users/HP/.m2/repository/com/github/almasb/fxgl/11.17/fxgl-11.17.jar!/fxglassets/languages/english.lang
14:26:51.083 [FXGL Background Thread 1 ] INFO  FXGLApplication      - FXGL initialization took: 0.933 sec
14:26:51.104 [JavaFX Application Thread] DEBUG Input                - Registered new binding: Move Up - Up
14:26:51.105 [JavaFX Application Thread] DEBUG Input                - Registered new binding: Move Down - Down
14:26:51.105 [JavaFX Application Thread] DEBUG Input                - Registered new binding: Move Left - Left
14:26:51.106 [JavaFX Application Thread] DEBUG Input                - Registered new binding: Move Right - Right
14:26:51.106 [JavaFX Application Thread] DEBUG Input                - Registered new binding: Bomb Placed - X
14:26:51.107 [JavaFX Application Thread] DEBUG Input                - Registered new binding: Primer! - V
14:26:51.108 [JavaFX Application Thread] DEBUG FXGLAssetLoaderServi - Loading from file system: jar:file:///C:/Users/HP/.m2/repository/com/github/almasb/fxgl/11.17/fxgl-11.17.jar!/fxglassets/textures/fxgl_icon.png
14:26:51.150 [JavaFX Application Thread] DEBUG FXGLAssetLoaderServi - Loading from file system: jar:file:///C:/Users/HP/.m2/repository/com/github/almasb/fxgl/11.17/fxgl-11.17.jar!/fxglassets/textures/fxgl_default_cursor.png
14:26:51.176 [JavaFX Application Thread] DEBUG Input                - Registered new binding: Screenshot - CTRL+8
14:26:51.177 [JavaFX Application Thread] DEBUG Input                - Registered new binding: System info dump - CTRL+9
14:26:51.179 [JavaFX Application Thread] DEBUG Input                - Registered new binding: Restart - CTRL+R
14:26:51.180 [JavaFX Application Thread] DEBUG Input                - Registered new binding: Toggle Debug Camera - CTRL+C
14:26:51.184 [JavaFX Application Thread] DEBUG LoopRunner           - Starting loop
14:26:51.184 [JavaFX Application Thread] DEBUG LoopRunner           - Initializing JavaFX AnimationTimerLoop
14:26:51.194 [JavaFX Application Thread] DEBUG GameApplicationServi - Starting new game
14:26:51.195 [JavaFX Application Thread] DEBUG Input                - Clearing active input actions
14:26:51.213 [JavaFX Application Thread] DEBUG GameApplicationServi - Removing overlay from FXGLStartupScene and adding to FXGLLoadingScene
14:26:51.214 [JavaFX Application Thread] DEBUG PrimaryStageWindow   - FXGLStartupScene -> FXGLLoadingScene
14:26:51.214 [JavaFX Application Thread] DEBUG GameApplicationServi - Clearing previous game
14:26:51.214 [JavaFX Application Thread] DEBUG GameScene            - Clearing game scene
14:26:51.215 [JavaFX Application Thread] DEBUG GameWorld            - Clearing game world
14:26:51.215 [JavaFX Application Thread] DEBUG PhysicsWorld         - Clearing physics world
14:26:51.216 [FXGL Background Thread 4 ] DEBUG FXGLAssetLoaderServi - Loading from file system: jar:file:///C:/Users/HP/.m2/repository/com/github/almasb/fxgl/11.17/fxgl-11.17.jar!/fxglassets/ui/fonts/Abel-Regular.ttf
14:26:51.217 [FXGL Background Thread 1 ] DEBUG FXGLApplication      - Initializing game
14:26:51.242 [FXGL Background Thread 4 ] DEBUG FXGLAssetLoaderServi - Loading from file system: jar:file:///C:/Users/HP/.m2/repository/com/github/almasb/fxgl/11.17/fxgl-11.17.jar!/fxglassets/ui/fonts/lucida_console.ttf
14:26:51.280 [FXGL Background Thread 4 ] DEBUG FXGLAssetLoaderServi - Loading from file system: jar:file:///C:/Users/HP/.m2/repository/com/github/almasb/fxgl/11.17/fxgl-11.17.jar!/fxglassets/ui/fonts/Courier-Prime.ttf
14:26:51.400 [JavaFX Application Thread] DEBUG FXGLApplication      - Registering font factories with UI factory
14:26:52.079 [FXGL Background Thread 1 ] DEBUG FXGLAssetLoaderServi - Loading from file system: file:/C:/Users/HP/intellij/bombermanFXGL/target/classes/assets/music/retro.mp3
14:26:52.993 [FXGL Background Thread 1 ] DEBUG FXGLAssetLoaderServi - Loading from file system: file:/C:/Users/HP/intellij/bombermanFXGL/target/classes/assets/textures/block/rock.png
14:26:53.143 [FXGL Background Thread 1 ] DEBUG GameWorld            - Clearing removable entities
14:26:53.144 [FXGL Background Thread 1 ] DEBUG GameWorld            - Setting level: com.almasb.fxgl.entity.level.Level@642de0b9
14:26:53.162 [FXGL Background Thread 1 ] DEBUG FXGLAssetLoaderServi - Loading from file system: file:/C:/Users/HP/intellij/bombermanFXGL/target/classes/assets/textures/block/sand.png
14:26:53.249 [FXGL Background Thread 1 ] DEBUG FXGLAssetLoaderServi - Loading from file system: file:/C:/Users/HP/intellij/bombermanFXGL/target/classes/assets/textures/bomber/p_sprite.png
14:26:53.270 [FXGL Background Thread 1 ] DEBUG FXGLAssetLoaderServi - Loading from file system: file:/C:/Users/HP/intellij/bombermanFXGL/target/classes/assets/textures/block/glass.png
14:26:53.271 [FXGL Background Thread 2 ] INFO  UpdaterService       - Your current version:  11.17
14:26:53.271 [FXGL Background Thread 2 ] INFO  UpdaterService       - Latest stable version: 17.1
14:26:53.372 [FXGL Background Thread 1 ] DEBUG FXGLAssetLoaderServi - Loading from file system: file:/C:/Users/HP/intellij/bombermanFXGL/target/classes/assets/textures/enemy/enemyDie.png
14:26:53.375 [FXGL Background Thread 1 ] DEBUG FXGLAssetLoaderServi - Loading from file system: file:/C:/Users/HP/intellij/bombermanFXGL/target/classes/assets/textures/enemy/octopusSprite.png
14:26:53.391 [FXGL Background Thread 1 ] INFO  FXGLApplication      - Game initialization took: 2.174 sec
14:26:53.391 [JavaFX Application Thread] DEBUG Input                - Clearing active input actions
14:26:53.418 [JavaFX Application Thread] DEBUG GameApplicationServi - Removing overlay from FXGLLoadingScene and adding to GameScene
14:26:53.418 [JavaFX Application Thread] DEBUG PrimaryStageWindow   - FXGLLoadingScene -> GameScene
14:26:53.965 [FXGL Background Thread 3 ] DEBUG Engine               - Logging environment variables
14:26:53.966 [FXGL Background Thread 3 ] DEBUG Engine               - achievements: []
14:26:53.966 [FXGL Background Thread 3 ] DEBUG Engine               - actualHeight: 600.0
14:26:53.967 [FXGL Background Thread 3 ] DEBUG Engine               - actualHeightProperty: ReadOnlyDoubleProperty [value: 600.0]
14:26:53.967 [FXGL Background Thread 3 ] DEBUG Engine               - actualWidth: 600.0
14:26:53.967 [FXGL Background Thread 3 ] DEBUG Engine               - actualWidthProperty: ReadOnlyDoubleProperty [value: 600.0]
14:26:53.967 [FXGL Background Thread 3 ] DEBUG Engine               - appIcon: fxgl_icon.png
14:26:53.967 [FXGL Background Thread 3 ] DEBUG Engine               - applicationMode: DEVELOPER
14:26:53.967 [FXGL Background Thread 3 ] DEBUG Engine               - cSSList: [fxgl_dark.css]
14:26:53.968 [FXGL Background Thread 3 ] DEBUG Engine               - collisionDetectionStrategy: BRUTE_FORCE
14:26:53.968 [FXGL Background Thread 3 ] DEBUG Engine               - configClass: Optional.empty
14:26:53.968 [FXGL Background Thread 3 ] DEBUG Engine               - credits: []
14:26:53.968 [FXGL Background Thread 3 ] DEBUG Engine               - defaultCursor: CursorInfo(imageName=fxgl_default_cursor.png, hotspotX=7.0, hotspotY=6.0)
14:26:53.969 [FXGL Background Thread 3 ] DEBUG Engine               - devBBoxColorProperty: ObjectProperty [value: 0xff0000ff]
14:26:53.969 [FXGL Background Thread 3 ] DEBUG Engine               - devEnableDebugCameraProperty: BooleanProperty [value: false]
14:26:53.969 [FXGL Background Thread 3 ] DEBUG Engine               - devSensorColorProperty: ObjectProperty [value: 0xffff00ff]
14:26:53.969 [FXGL Background Thread 3 ] DEBUG Engine               - devShowBBoxProperty: BooleanProperty [value: false]
14:26:53.970 [FXGL Background Thread 3 ] DEBUG Engine               - devShowPositionProperty: BooleanProperty [value: false]
14:26:53.970 [FXGL Background Thread 3 ] DEBUG Engine               - enabledMenuItems: []
14:26:53.970 [FXGL Background Thread 3 ] DEBUG Engine               - engineServices: [class com.almasb.fxgl.app.services.FXGLAssetLoaderService, class com.almasb.fxgl.app.FXGLApplication$GameApplicationService, class com.almasb.fxgl.app.services.FXGLDialogService, class com.almasb.fxgl.app.services.IOTaskExecutorService, class com.almasb.fxgl.io.FileSystemService, class com.almasb.fxgl.localization.LocalizationService, class com.almasb.fxgl.app.services.SystemBundleService, class com.almasb.fxgl.profile.SaveLoadService, class com.almasb.fxgl.ui.FXGLUIFactoryServiceProvider, class com.almasb.fxgl.ui.FXGLDialogFactoryServiceProvider, class com.almasb.fxgl.audio.AudioPlayer, class com.almasb.fxgl.notification.impl.NotificationServiceProvider, class com.almasb.fxgl.achievement.AchievementService, class com.almasb.fxgl.cutscene.CutsceneService, class com.almasb.fxgl.minigames.MiniGameService, class com.almasb.fxgl.net.NetService, class com.almasb.fxgl.app.services.UpdaterService, class com.almasb.fxgl.dev.DevService]
14:26:53.970 [FXGL Background Thread 3 ] DEBUG Engine               - fontGame: Abel-Regular.ttf
14:26:53.970 [FXGL Background Thread 3 ] DEBUG Engine               - fontMono: lucida_console.ttf
14:26:53.971 [FXGL Background Thread 3 ] DEBUG Engine               - fontText: Courier-Prime.ttf
14:26:53.971 [FXGL Background Thread 3 ] DEBUG Engine               - fontUI: VarelaRound-Regular.ttf
14:26:53.971 [FXGL Background Thread 3 ] DEBUG Engine               - fullScreen: BooleanProperty [value: false]
14:26:53.971 [FXGL Background Thread 3 ] DEBUG Engine               - gameDifficulty: MEDIUM
14:26:53.971 [FXGL Background Thread 3 ] DEBUG Engine               - gameDifficultyProperty: ObjectProperty [value: MEDIUM]
14:26:53.971 [FXGL Background Thread 3 ] DEBUG Engine               - globalMusicVolume: 0.5
14:26:53.972 [FXGL Background Thread 3 ] DEBUG Engine               - globalMusicVolumeProperty: DoubleProperty [value: 0.5]
14:26:53.972 [FXGL Background Thread 3 ] DEBUG Engine               - globalSoundVolume: 0.5
14:26:53.972 [FXGL Background Thread 3 ] DEBUG Engine               - globalSoundVolumeProperty: DoubleProperty [value: 0.5]
14:26:53.972 [FXGL Background Thread 3 ] DEBUG Engine               - height: 600
14:26:53.972 [FXGL Background Thread 3 ] DEBUG Engine               - is3D: false
14:26:53.972 [FXGL Background Thread 3 ] DEBUG Engine               - isAndroid: false
14:26:53.973 [FXGL Background Thread 3 ] DEBUG Engine               - isBrowser: false
14:26:53.973 [FXGL Background Thread 3 ] DEBUG Engine               - isClickFeedbackEnabled: false
14:26:53.973 [FXGL Background Thread 3 ] DEBUG Engine               - isCloseConfirmation: false
14:26:53.973 [FXGL Background Thread 3 ] DEBUG Engine               - isDesktop: true
14:26:53.973 [FXGL Background Thread 3 ] DEBUG Engine               - isDeveloperMenuEnabled: false
14:26:53.973 [FXGL Background Thread 3 ] DEBUG Engine               - isEntityPreloadEnabled: true
14:26:53.973 [FXGL Background Thread 3 ] DEBUG Engine               - isExperimentalTiledLargeMap: false
14:26:53.974 [FXGL Background Thread 3 ] DEBUG Engine               - isFileSystemWriteAllowed: true
14:26:53.974 [FXGL Background Thread 3 ] DEBUG Engine               - isFullScreenAllowed: false
14:26:53.974 [FXGL Background Thread 3 ] DEBUG Engine               - isFullScreenFromStart: false
14:26:53.974 [FXGL Background Thread 3 ] DEBUG Engine               - isGameMenuEnabled: true
14:26:53.974 [FXGL Background Thread 3 ] DEBUG Engine               - isIOS: false
14:26:53.975 [FXGL Background Thread 3 ] DEBUG Engine               - isIntroEnabled: false
14:26:53.975 [FXGL Background Thread 3 ] DEBUG Engine               - isLinux: false
14:26:53.975 [FXGL Background Thread 3 ] DEBUG Engine               - isMac: false
14:26:53.975 [FXGL Background Thread 3 ] DEBUG Engine               - isMainMenuEnabled: false
14:26:53.975 [FXGL Background Thread 3 ] DEBUG Engine               - isManualResizeEnabled: false
14:26:53.975 [FXGL Background Thread 3 ] DEBUG Engine               - isMobile: false
14:26:53.976 [FXGL Background Thread 3 ] DEBUG Engine               - isNative: false
14:26:53.976 [FXGL Background Thread 3 ] DEBUG Engine               - isPauseMusicWhenMinimized: true
14:26:53.976 [FXGL Background Thread 3 ] DEBUG Engine               - isPreserveResizeRatio: false
14:26:53.976 [FXGL Background Thread 3 ] DEBUG Engine               - isProfilingEnabled: false
14:26:53.976 [FXGL Background Thread 3 ] DEBUG Engine               - isScaleAffectedOnResize: true
14:26:53.976 [FXGL Background Thread 3 ] DEBUG Engine               - isSingleStep: false
14:26:53.976 [FXGL Background Thread 3 ] DEBUG Engine               - isUserProfileEnabled: false
14:26:53.977 [FXGL Background Thread 3 ] DEBUG Engine               - isWindows: true
14:26:53.977 [FXGL Background Thread 3 ] DEBUG Engine               - language: ObjectProperty [value: ENGLISH]
14:26:53.977 [FXGL Background Thread 3 ] DEBUG Engine               - menuKey: ESCAPE
14:26:53.977 [FXGL Background Thread 3 ] DEBUG Engine               - mouseSensitivity: 0.2
14:26:53.977 [FXGL Background Thread 3 ] DEBUG Engine               - notificationViewClass: class com.almasb.fxgl.notification.view.XboxNotificationView
14:26:53.978 [FXGL Background Thread 3 ] DEBUG Engine               - pixelsPerMeter: 50.0
14:26:53.978 [FXGL Background Thread 3 ] DEBUG Engine               - platform: WINDOWS
14:26:53.978 [FXGL Background Thread 3 ] DEBUG Engine               - prefHeightProperty: ReadOnlyDoubleProperty [value: 600.0]
14:26:53.978 [FXGL Background Thread 3 ] DEBUG Engine               - prefWidthProperty: ReadOnlyDoubleProperty [value: 600.0]
14:26:53.978 [FXGL Background Thread 3 ] DEBUG Engine               - profileDir: profiles/
14:26:53.978 [FXGL Background Thread 3 ] DEBUG Engine               - profileName: StringProperty [value: DEFAULT]
14:26:53.978 [FXGL Background Thread 3 ] DEBUG Engine               - randomSeed: -1
14:26:53.978 [FXGL Background Thread 3 ] DEBUG Engine               - runtimeInfo: RuntimeInfo(platform=WINDOWS, version=11.17, build=16.07.2021 15.46)
14:26:53.979 [FXGL Background Thread 3 ] DEBUG Engine               - saveFileExt: sav
14:26:53.979 [FXGL Background Thread 3 ] DEBUG Engine               - scaledHeightProp$fxgl: DoubleProperty [bound, value: 600.0]
14:26:53.979 [FXGL Background Thread 3 ] DEBUG Engine               - scaledWidthProp$fxgl: DoubleProperty [bound, value: 600.0]
14:26:53.979 [FXGL Background Thread 3 ] DEBUG Engine               - sceneFactory: com.example.bombermanfxgl.BombermanApp$1@655f1f28
14:26:53.979 [FXGL Background Thread 3 ] DEBUG Engine               - secondsIn24h: 60
14:26:53.979 [FXGL Background Thread 3 ] DEBUG Engine               - soundMenuBack: menu/back.wav
14:26:53.979 [FXGL Background Thread 3 ] DEBUG Engine               - soundMenuPress: menu/press.wav
14:26:53.979 [FXGL Background Thread 3 ] DEBUG Engine               - soundMenuSelect: menu/select.wav
14:26:53.979 [FXGL Background Thread 3 ] DEBUG Engine               - soundNotification: core/notification.wav
14:26:53.980 [FXGL Background Thread 3 ] DEBUG Engine               - stageStyle: DECORATED
14:26:53.980 [FXGL Background Thread 3 ] DEBUG Engine               - supportedLanguages: [ENGLISH, FRENCH, GERMAN, HUNGARIAN, RUSSIAN]
14:26:53.980 [FXGL Background Thread 3 ] DEBUG Engine               - ticksPerSecond: -1
14:26:53.980 [FXGL Background Thread 3 ] DEBUG Engine               - title: BombermanFXGL 
14:26:53.980 [FXGL Background Thread 3 ] DEBUG Engine               - urlGithub: https://github.com/AlmasB/FXGL
14:26:53.980 [FXGL Background Thread 3 ] DEBUG Engine               - urlLeaderboard: http://fxgl-top.herokuapp.com/
14:26:53.980 [FXGL Background Thread 3 ] DEBUG Engine               - urlPOM: https://raw.githubusercontent.com/AlmasB/FXGL/release/README.md
14:26:53.981 [FXGL Background Thread 3 ] DEBUG Engine               - userAppClass: class com.example.bombermanfxgl.BombermanApp
14:26:53.981 [FXGL Background Thread 3 ] DEBUG Engine               - version: 0.1
14:26:53.981 [FXGL Background Thread 3 ] DEBUG Engine               - versionCheckDays: 7
14:26:53.981 [FXGL Background Thread 3 ] DEBUG Engine               - width: 600
14:26:53.981 [FXGL Background Thread 3 ] DEBUG Engine               - Logging services
14:26:53.981 [FXGL Background Thread 3 ] DEBUG Engine               - class com.almasb.fxgl.app.services.FXGLAssetLoaderService
14:26:53.981 [FXGL Background Thread 3 ] DEBUG Engine               - class com.almasb.fxgl.app.FXGLApplication$GameApplicationService
14:26:53.981 [FXGL Background Thread 3 ] DEBUG Engine               - class com.almasb.fxgl.app.services.FXGLDialogService
14:26:53.981 [FXGL Background Thread 3 ] DEBUG Engine               - class com.almasb.fxgl.app.services.IOTaskExecutorService
14:26:53.982 [FXGL Background Thread 3 ] DEBUG Engine               - class com.almasb.fxgl.io.FileSystemService
14:26:53.982 [FXGL Background Thread 3 ] DEBUG Engine               - class com.almasb.fxgl.localization.LocalizationService
14:26:53.982 [FXGL Background Thread 3 ] DEBUG Engine               - class com.almasb.fxgl.app.services.SystemBundleService
14:26:53.982 [FXGL Background Thread 3 ] DEBUG Engine               - class com.almasb.fxgl.profile.SaveLoadService
14:26:53.982 [FXGL Background Thread 3 ] DEBUG Engine               - class com.almasb.fxgl.ui.FXGLUIFactoryServiceProvider
14:26:53.982 [FXGL Background Thread 3 ] DEBUG Engine               - class com.almasb.fxgl.ui.FXGLDialogFactoryServiceProvider
14:26:53.983 [FXGL Background Thread 3 ] DEBUG Engine               - class com.almasb.fxgl.audio.AudioPlayer
14:26:53.983 [FXGL Background Thread 3 ] DEBUG Engine               - class com.almasb.fxgl.notification.impl.NotificationServiceProvider
14:26:53.983 [FXGL Background Thread 3 ] DEBUG Engine               - class com.almasb.fxgl.achievement.AchievementService
14:26:53.984 [FXGL Background Thread 3 ] DEBUG Engine               - class com.almasb.fxgl.cutscene.CutsceneService
14:26:53.984 [FXGL Background Thread 3 ] DEBUG Engine               - class com.almasb.fxgl.minigames.MiniGameService
14:26:53.984 [FXGL Background Thread 3 ] DEBUG Engine               - class com.almasb.fxgl.net.NetService
14:26:53.984 [FXGL Background Thread 3 ] DEBUG Engine               - class com.almasb.fxgl.app.services.UpdaterService
14:26:53.985 [FXGL Background Thread 3 ] DEBUG Engine               - class com.almasb.fxgl.dev.DevService
14:26:58.211 [JavaFX Application Thread] DEBUG FXGLAssetLoaderServi - Loading from file system: file:/C:/Users/HP/intellij/bombermanFXGL/target/classes/assets/textures/bomb/commonBomb.png
14:27:01.201 [JavaFX Application Thread] DEBUG FXGLAssetLoaderServi - Loading from file system: file:/C:/Users/HP/intellij/bombermanFXGL/target/classes/assets/sounds/explore.wav
14:27:01.273 [JavaFX Application Thread] DEBUG FXGLAssetLoaderServi - Loading from file system: file:/C:/Users/HP/intellij/bombermanFXGL/target/classes/assets/textures/bomb/flameSprite.png
14:27:01.761 [JavaFX Application Thread] DEBUG FXGLAssetLoaderServi - Loading from file system: file:/C:/Users/HP/intellij/bombermanFXGL/target/classes/assets/textures/item/itemSprite.png
14:27:03.265 [JavaFX Application Thread] DEBUG FXGLAssetLoaderServi - Loading from file system: file:/C:/Users/HP/intellij/bombermanFXGL/target/classes/assets/sounds/getItem.wav
14:27:37.133 [JavaFX Application Thread] DEBUG FXGLAssetLoaderServi - Loading from file system: file:/C:/Users/HP/intellij/bombermanFXGL/target/classes/assets/sounds/lose.wav
14:27:40.144 [JavaFX Application Thread] DEBUG GameApplicationServi - Starting new game
14:27:40.144 [JavaFX Application Thread] DEBUG Input                - Clearing active input actions
14:27:40.150 [JavaFX Application Thread] DEBUG GameApplicationServi - Removing overlay from GameScene and adding to FXGLLoadingScene
14:27:40.150 [JavaFX Application Thread] DEBUG PrimaryStageWindow   - GameScene -> FXGLLoadingScene
14:27:40.150 [JavaFX Application Thread] DEBUG GameApplicationServi - Clearing previous game
14:27:40.150 [JavaFX Application Thread] DEBUG GameScene            - Clearing game scene
14:27:40.150 [JavaFX Application Thread] DEBUG GameWorld            - Clearing game world
14:27:40.159 [JavaFX Application Thread] DEBUG PhysicsWorld         - Clearing physics world
14:27:40.160 [FXGL Background Thread 1 ] DEBUG FXGLApplication      - Initializing game
14:27:40.236 [FXGL Background Thread 1 ] DEBUG GameWorld            - Clearing removable entities
14:27:40.236 [FXGL Background Thread 1 ] DEBUG GameWorld            - Setting level: com.almasb.fxgl.entity.level.Level@220083ff
14:27:40.317 [FXGL Background Thread 1 ] INFO  FXGLApplication      - Game initialization took: 0.157 sec
14:27:40.317 [JavaFX Application Thread] DEBUG Input                - Clearing active input actions
14:27:40.327 [JavaFX Application Thread] DEBUG GameApplicationServi - Removing overlay from FXGLLoadingScene and adding to GameScene
14:27:40.327 [JavaFX Application Thread] DEBUG PrimaryStageWindow   - FXGLLoadingScene -> GameScene
14:27:43.326 [JavaFX Application Thread] DEBUG FXGLApplication      - Exiting FXGL
14:27:43.327 [JavaFX Application Thread] DEBUG LoopRunner           - Stopping loop
14:27:43.327 [JavaFX Application Thread] DEBUG SystemBundleService  - Saving FXGL system data
14:27:43.344 [JavaFX Application Thread] DEBUG FileSystemAccess     - Writing to: C:\Users\HP\intellij\bombermanFXGL\system\fxgl.bundle
14:27:43.345 [JavaFX Application Thread] DEBUG Async                - Shutting down background threads
14:27:43.345 [JavaFX Application Thread] DEBUG PrimaryStageWindow   - Closing main window
14:27:43.447 [JavaFX Application Thread] DEBUG Logger               - Closing Logger
