13:53:43.962 [main                     ] DEBUG Logger               - Configured Logger
13:53:43.970 [main                     ] DEBUG GameApplication      - Logging settings
Title: BombermanFXGL 
Version: 0.1
Width: 600
Height: 600
Fullscreen: false
Intro: false
Profiling: false
Single step:false
App Mode: DEVELOPER
Menu Key: ESCAPE
Stage Style: DECORATED
Scene Factory: class com.example.bombermanfxgl.BombermanApp$1

13:53:44.719 [JavaFX Application Thread] DEBUG FXGLApplication      - Initializing FXGL
13:53:44.721 [JavaFX Application Thread] INFO  Engine               - FXGL-11.17 (16.07.2021 15.46) on WINDOWS (J:17 FX:17-ea)
13:53:44.721 [JavaFX Application Thread] DEBUG Engine               - JRE Vendor Name: Oracle Corporation
13:53:44.721 [JavaFX Application Thread] DEBUG Engine               - Running on OS: Windows 10 version 10.0
13:53:44.721 [JavaFX Application Thread] DEBUG Engine               - Architecture: amd64
13:53:44.722 [JavaFX Application Thread] INFO  Engine               - Source code and latest versions at: https://github.com/AlmasB/FXGL
13:53:44.722 [JavaFX Application Thread] INFO  Engine               -              Join the FXGL chat at: https://gitter.im/AlmasB/FXGL
13:53:44.799 [JavaFX Application Thread] DEBUG PrimaryStageWindow   - Creating a JavaFX scene
13:53:44.862 [JavaFX Application Thread] DEBUG PrimaryStageWindow   - Target settings size: 600.0 x 600.0
13:53:44.862 [JavaFX Application Thread] DEBUG PrimaryStageWindow   - Scaled scene size:    600.0 x 600.0
13:53:44.862 [JavaFX Application Thread] DEBUG PrimaryStageWindow   - Scaled ratio: (1.0, 1.0)
13:53:44.863 [JavaFX Application Thread] DEBUG PrimaryStageWindow   - Set initial scene to FXGLStartupScene
13:53:44.868 [JavaFX Application Thread] DEBUG PrimaryStageWindow   - Opening main window
13:53:44.950 [JavaFX Application Thread] DEBUG PrimaryStageWindow   - Window border size: (14.4000244140625, 37.5999755859375)
13:53:44.950 [JavaFX Application Thread] DEBUG PrimaryStageWindow   - Scaled size: 600.0 x 600.0
13:53:44.950 [JavaFX Application Thread] DEBUG PrimaryStageWindow   - Scaled ratio: (1.0, 1.0)
13:53:44.950 [JavaFX Application Thread] DEBUG PrimaryStageWindow   - Scene size: 600.0 x 600.0
13:53:44.951 [JavaFX Application Thread] DEBUG PrimaryStageWindow   - Stage size: 614.4000244140625 x 637.5999755859375
13:53:44.965 [FXGL Background Thread 1 ] DEBUG Engine               - Initializing environment variables
13:53:45.034 [FXGL Background Thread 1 ] DEBUG FXGLAssetLoaderServi - User app class for loading assets: class com.example.bombermanfxgl.BombermanApp
13:53:45.034 [FXGL Background Thread 1 ] DEBUG GameApplicationServi - Applying CSS: fxgl_dark.css
13:53:45.036 [FXGL Background Thread 1 ] DEBUG FXGLAssetLoaderServi - Loading from file system: jar:file:///C:/Users/HP/.m2/repository/com/github/almasb/fxgl/11.17/fxgl-11.17.jar!/fxglassets/ui/css/fxgl_dark.css
13:53:45.082 [FXGL Background Thread 1 ] DEBUG GameApplicationServi - Initializing application scenes
13:53:45.127 [FXGL Background Thread 1 ] DEBUG GameWorld            - Game world initialized
13:53:45.194 [FXGL Background Thread 1 ] DEBUG PhysicsWorld         - Physics world initialized: appHeight=600, physics.ppm=50.0
13:53:45.195 [FXGL Background Thread 1 ] DEBUG PhysicsWorld         - Using strategy: BRUTE_FORCE
13:53:45.198 [FXGL Background Thread 1 ] DEBUG GameScene            - Game scene initialized: 600x600
13:53:45.203 [FXGL Background Thread 1 ] DEBUG FXGLAssetLoaderServi - Loading from file system: jar:file:///C:/Users/HP/.m2/repository/com/github/almasb/fxgl/11.17/fxgl-11.17.jar!/fxglassets/textures/pause_menu_bg.png
13:53:45.255 [FXGL Background Thread 1 ] DEBUG GameApplicationServi - Application scenes initialized
13:53:45.274 [FXGL Background Thread 1 ] DEBUG SystemBundleService  - Loading FXGL system data
13:53:45.280 [FXGL Background Thread 1 ] DEBUG FileSystemAccess     - Reading from: C:\Users\HP\intellij\bombermanFXGL\system\fxgl.bundle
13:53:45.288 [FXGL Background Thread 1 ] DEBUG SystemBundleService  - Bundle FXGL: {}
13:53:45.289 [FXGL Background Thread 1 ] DEBUG UpdaterService       - Checking for updates
13:53:45.298 [FXGL Background Thread 1 ] DEBUG FXGLApplication      - Loading default localization
13:53:45.299 [FXGL Background Thread 1 ] DEBUG FXGLAssetLoaderServi - Loading from file system: jar:file:///C:/Users/HP/.m2/repository/com/github/almasb/fxgl/11.17/fxgl-11.17.jar!/fxglassets/languages/english.lang
13:53:45.300 [FXGL Background Thread 4 ] DEBUG FXGLApplication      - Loading fonts
13:53:45.301 [FXGL Background Thread 4 ] DEBUG FXGLAssetLoaderServi - Loading from file system: jar:file:///C:/Users/HP/.m2/repository/com/github/almasb/fxgl/11.17/fxgl-11.17.jar!/fxglassets/ui/fonts/VarelaRound-Regular.ttf
13:53:45.322 [FXGL Background Thread 1 ] INFO  FXGLApplication      - FXGL initialization took: 0.357 sec
13:53:45.342 [JavaFX Application Thread] DEBUG Input                - Registered new binding: Move Up - Up
13:53:45.342 [JavaFX Application Thread] DEBUG Input                - Registered new binding: Move Down - Down
13:53:45.342 [JavaFX Application Thread] DEBUG Input                - Registered new binding: Move Left - Left
13:53:45.343 [JavaFX Application Thread] DEBUG Input                - Registered new binding: Move Right - Right
13:53:45.343 [JavaFX Application Thread] DEBUG Input                - Registered new binding: Bomb Placed - X
13:53:45.343 [JavaFX Application Thread] DEBUG Input                - Registered new binding: Primer! - V
13:53:45.344 [JavaFX Application Thread] DEBUG FXGLAssetLoaderServi - Loading from file system: jar:file:///C:/Users/HP/.m2/repository/com/github/almasb/fxgl/11.17/fxgl-11.17.jar!/fxglassets/textures/fxgl_icon.png
13:53:45.384 [JavaFX Application Thread] DEBUG FXGLAssetLoaderServi - Loading from file system: jar:file:///C:/Users/HP/.m2/repository/com/github/almasb/fxgl/11.17/fxgl-11.17.jar!/fxglassets/textures/fxgl_default_cursor.png
13:53:45.388 [JavaFX Application Thread] DEBUG Input                - Registered new binding: Screenshot - CTRL+8
13:53:45.389 [JavaFX Application Thread] DEBUG Input                - Registered new binding: System info dump - CTRL+9
13:53:45.389 [JavaFX Application Thread] DEBUG Input                - Registered new binding: Restart - CTRL+R
13:53:45.390 [JavaFX Application Thread] DEBUG Input                - Registered new binding: Toggle Debug Camera - CTRL+C
13:53:45.393 [JavaFX Application Thread] DEBUG LoopRunner           - Starting loop
13:53:45.393 [JavaFX Application Thread] DEBUG LoopRunner           - Initializing JavaFX AnimationTimerLoop
13:53:45.395 [JavaFX Application Thread] DEBUG GameApplicationServi - Starting new game
13:53:45.396 [JavaFX Application Thread] DEBUG Input                - Clearing active input actions
13:53:45.415 [JavaFX Application Thread] DEBUG GameApplicationServi - Removing overlay from FXGLStartupScene and adding to FXGLLoadingScene
13:53:45.416 [JavaFX Application Thread] DEBUG PrimaryStageWindow   - FXGLStartupScene -> FXGLLoadingScene
13:53:45.416 [JavaFX Application Thread] DEBUG GameApplicationServi - Clearing previous game
13:53:45.416 [JavaFX Application Thread] DEBUG GameScene            - Clearing game scene
13:53:45.416 [JavaFX Application Thread] DEBUG GameWorld            - Clearing game world
13:53:45.416 [JavaFX Application Thread] DEBUG PhysicsWorld         - Clearing physics world
13:53:45.419 [FXGL Background Thread 1 ] DEBUG FXGLApplication      - Initializing game
13:53:45.506 [FXGL Background Thread 4 ] DEBUG FXGLAssetLoaderServi - Loading from file system: jar:file:///C:/Users/HP/.m2/repository/com/github/almasb/fxgl/11.17/fxgl-11.17.jar!/fxglassets/ui/fonts/Abel-Regular.ttf
13:53:45.512 [FXGL Background Thread 4 ] DEBUG FXGLAssetLoaderServi - Loading from file system: jar:file:///C:/Users/HP/.m2/repository/com/github/almasb/fxgl/11.17/fxgl-11.17.jar!/fxglassets/ui/fonts/lucida_console.ttf
13:53:45.537 [FXGL Background Thread 4 ] DEBUG FXGLAssetLoaderServi - Loading from file system: jar:file:///C:/Users/HP/.m2/repository/com/github/almasb/fxgl/11.17/fxgl-11.17.jar!/fxglassets/ui/fonts/Courier-Prime.ttf
13:53:45.591 [JavaFX Application Thread] DEBUG FXGLApplication      - Registering font factories with UI factory
13:53:45.673 [FXGL Background Thread 1 ] DEBUG FXGLAssetLoaderServi - Loading from file system: file:/C:/Users/HP/intellij/bombermanFXGL/target/classes/assets/music/retro.mp3
13:53:46.275 [FXGL Background Thread 1 ] DEBUG FXGLAssetLoaderServi - Loading from file system: file:/C:/Users/HP/intellij/bombermanFXGL/target/classes/assets/textures/block/rock.png
13:53:46.366 [FXGL Background Thread 1 ] DEBUG GameWorld            - Clearing removable entities
13:53:46.366 [FXGL Background Thread 1 ] DEBUG GameWorld            - Setting level: com.almasb.fxgl.entity.level.Level@1e24aaf6
13:53:46.389 [FXGL Background Thread 1 ] DEBUG FXGLAssetLoaderServi - Loading from file system: file:/C:/Users/HP/intellij/bombermanFXGL/target/classes/assets/textures/block/sand.png
13:53:46.460 [FXGL Background Thread 1 ] DEBUG FXGLAssetLoaderServi - Loading from file system: file:/C:/Users/HP/intellij/bombermanFXGL/target/classes/assets/textures/bomber/p_sprite.png
13:53:46.467 [FXGL Background Thread 1 ] DEBUG FXGLAssetLoaderServi - Loading from file system: file:/C:/Users/HP/intellij/bombermanFXGL/target/classes/assets/textures/block/glass.png
13:53:46.525 [FXGL Background Thread 1 ] DEBUG FXGLAssetLoaderServi - Loading from file system: file:/C:/Users/HP/intellij/bombermanFXGL/target/classes/assets/textures/enemy/enemyDie.png
13:53:46.527 [FXGL Background Thread 1 ] DEBUG FXGLAssetLoaderServi - Loading from file system: file:/C:/Users/HP/intellij/bombermanFXGL/target/classes/assets/textures/enemy/octopusSprite.png
13:53:46.538 [FXGL Background Thread 1 ] INFO  FXGLApplication      - Game initialization took: 1.119 sec
13:53:46.539 [JavaFX Application Thread] DEBUG Input                - Clearing active input actions
13:53:46.560 [JavaFX Application Thread] DEBUG GameApplicationServi - Removing overlay from FXGLLoadingScene and adding to GameScene
13:53:46.561 [JavaFX Application Thread] DEBUG PrimaryStageWindow   - FXGLLoadingScene -> GameScene
13:53:48.296 [FXGL Background Thread 3 ] DEBUG Engine               - Logging environment variables
13:53:48.296 [FXGL Background Thread 3 ] DEBUG Engine               - achievements: []
13:53:48.297 [FXGL Background Thread 3 ] DEBUG Engine               - actualHeight: 600.0
13:53:48.297 [FXGL Background Thread 3 ] DEBUG Engine               - actualHeightProperty: ReadOnlyDoubleProperty [value: 600.0]
13:53:48.297 [FXGL Background Thread 3 ] DEBUG Engine               - actualWidth: 600.0
13:53:48.297 [FXGL Background Thread 3 ] DEBUG Engine               - actualWidthProperty: ReadOnlyDoubleProperty [value: 600.0]
13:53:48.297 [FXGL Background Thread 3 ] DEBUG Engine               - appIcon: fxgl_icon.png
13:53:48.297 [FXGL Background Thread 3 ] DEBUG Engine               - applicationMode: DEVELOPER
13:53:48.297 [FXGL Background Thread 3 ] DEBUG Engine               - cSSList: [fxgl_dark.css]
13:53:48.297 [FXGL Background Thread 3 ] DEBUG Engine               - collisionDetectionStrategy: BRUTE_FORCE
13:53:48.297 [FXGL Background Thread 3 ] DEBUG Engine               - configClass: Optional.empty
13:53:48.297 [FXGL Background Thread 3 ] DEBUG Engine               - credits: []
13:53:48.297 [FXGL Background Thread 3 ] DEBUG Engine               - defaultCursor: CursorInfo(imageName=fxgl_default_cursor.png, hotspotX=7.0, hotspotY=6.0)
13:53:48.298 [FXGL Background Thread 3 ] DEBUG Engine               - devBBoxColorProperty: ObjectProperty [value: 0xff0000ff]
13:53:48.298 [FXGL Background Thread 3 ] DEBUG Engine               - devEnableDebugCameraProperty: BooleanProperty [value: false]
13:53:48.299 [FXGL Background Thread 3 ] DEBUG Engine               - devSensorColorProperty: ObjectProperty [value: 0xffff00ff]
13:53:48.299 [FXGL Background Thread 3 ] DEBUG Engine               - devShowBBoxProperty: BooleanProperty [value: false]
13:53:48.300 [FXGL Background Thread 3 ] DEBUG Engine               - devShowPositionProperty: BooleanProperty [value: false]
13:53:48.300 [FXGL Background Thread 3 ] DEBUG Engine               - enabledMenuItems: []
13:53:48.300 [FXGL Background Thread 3 ] DEBUG Engine               - engineServices: [class com.almasb.fxgl.app.services.FXGLAssetLoaderService, class com.almasb.fxgl.app.FXGLApplication$GameApplicationService, class com.almasb.fxgl.app.services.FXGLDialogService, class com.almasb.fxgl.app.services.IOTaskExecutorService, class com.almasb.fxgl.io.FileSystemService, class com.almasb.fxgl.localization.LocalizationService, class com.almasb.fxgl.app.services.SystemBundleService, class com.almasb.fxgl.profile.SaveLoadService, class com.almasb.fxgl.ui.FXGLUIFactoryServiceProvider, class com.almasb.fxgl.ui.FXGLDialogFactoryServiceProvider, class com.almasb.fxgl.audio.AudioPlayer, class com.almasb.fxgl.notification.impl.NotificationServiceProvider, class com.almasb.fxgl.achievement.AchievementService, class com.almasb.fxgl.cutscene.CutsceneService, class com.almasb.fxgl.minigames.MiniGameService, class com.almasb.fxgl.net.NetService, class com.almasb.fxgl.app.services.UpdaterService, class com.almasb.fxgl.dev.DevService]
13:53:48.300 [FXGL Background Thread 3 ] DEBUG Engine               - fontGame: Abel-Regular.ttf
13:53:48.301 [FXGL Background Thread 3 ] DEBUG Engine               - fontMono: lucida_console.ttf
13:53:48.301 [FXGL Background Thread 3 ] DEBUG Engine               - fontText: Courier-Prime.ttf
13:53:48.301 [FXGL Background Thread 3 ] DEBUG Engine               - fontUI: VarelaRound-Regular.ttf
13:53:48.301 [FXGL Background Thread 3 ] DEBUG Engine               - fullScreen: BooleanProperty [value: false]
13:53:48.301 [FXGL Background Thread 3 ] DEBUG Engine               - gameDifficulty: MEDIUM
13:53:48.301 [FXGL Background Thread 3 ] DEBUG Engine               - gameDifficultyProperty: ObjectProperty [value: MEDIUM]
13:53:48.301 [FXGL Background Thread 3 ] DEBUG Engine               - globalMusicVolume: 0.5
13:53:48.302 [FXGL Background Thread 3 ] DEBUG Engine               - globalMusicVolumeProperty: DoubleProperty [value: 0.5]
13:53:48.302 [FXGL Background Thread 3 ] DEBUG Engine               - globalSoundVolume: 0.5
13:53:48.302 [FXGL Background Thread 3 ] DEBUG Engine               - globalSoundVolumeProperty: DoubleProperty [value: 0.5]
13:53:48.302 [FXGL Background Thread 3 ] DEBUG Engine               - height: 600
13:53:48.302 [FXGL Background Thread 3 ] DEBUG Engine               - is3D: false
13:53:48.302 [FXGL Background Thread 3 ] DEBUG Engine               - isAndroid: false
13:53:48.302 [FXGL Background Thread 3 ] DEBUG Engine               - isBrowser: false
13:53:48.302 [FXGL Background Thread 3 ] DEBUG Engine               - isClickFeedbackEnabled: false
13:53:48.302 [FXGL Background Thread 3 ] DEBUG Engine               - isCloseConfirmation: false
13:53:48.302 [FXGL Background Thread 3 ] DEBUG Engine               - isDesktop: true
13:53:48.302 [FXGL Background Thread 3 ] DEBUG Engine               - isDeveloperMenuEnabled: false
13:53:48.303 [FXGL Background Thread 3 ] DEBUG Engine               - isEntityPreloadEnabled: true
13:53:48.303 [FXGL Background Thread 3 ] DEBUG Engine               - isExperimentalTiledLargeMap: false
13:53:48.303 [FXGL Background Thread 3 ] DEBUG Engine               - isFileSystemWriteAllowed: true
13:53:48.303 [FXGL Background Thread 3 ] DEBUG Engine               - isFullScreenAllowed: false
13:53:48.303 [FXGL Background Thread 3 ] DEBUG Engine               - isFullScreenFromStart: false
13:53:48.303 [FXGL Background Thread 3 ] DEBUG Engine               - isGameMenuEnabled: true
13:53:48.303 [FXGL Background Thread 3 ] DEBUG Engine               - isIOS: false
13:53:48.303 [FXGL Background Thread 3 ] DEBUG Engine               - isIntroEnabled: false
13:53:48.303 [FXGL Background Thread 3 ] DEBUG Engine               - isLinux: false
13:53:48.304 [FXGL Background Thread 3 ] DEBUG Engine               - isMac: false
13:53:48.304 [FXGL Background Thread 3 ] DEBUG Engine               - isMainMenuEnabled: false
13:53:48.304 [FXGL Background Thread 3 ] DEBUG Engine               - isManualResizeEnabled: false
13:53:48.304 [FXGL Background Thread 3 ] DEBUG Engine               - isMobile: false
13:53:48.304 [FXGL Background Thread 3 ] DEBUG Engine               - isNative: false
13:53:48.304 [FXGL Background Thread 3 ] DEBUG Engine               - isPauseMusicWhenMinimized: true
13:53:48.304 [FXGL Background Thread 3 ] DEBUG Engine               - isPreserveResizeRatio: false
13:53:48.304 [FXGL Background Thread 3 ] DEBUG Engine               - isProfilingEnabled: false
13:53:48.304 [FXGL Background Thread 3 ] DEBUG Engine               - isScaleAffectedOnResize: true
13:53:48.304 [FXGL Background Thread 3 ] DEBUG Engine               - isSingleStep: false
13:53:48.305 [FXGL Background Thread 3 ] DEBUG Engine               - isUserProfileEnabled: false
13:53:48.305 [FXGL Background Thread 3 ] DEBUG Engine               - isWindows: true
13:53:48.305 [FXGL Background Thread 3 ] DEBUG Engine               - language: ObjectProperty [value: ENGLISH]
13:53:48.305 [FXGL Background Thread 3 ] DEBUG Engine               - menuKey: ESCAPE
13:53:48.305 [FXGL Background Thread 3 ] DEBUG Engine               - mouseSensitivity: 0.2
13:53:48.305 [FXGL Background Thread 3 ] DEBUG Engine               - notificationViewClass: class com.almasb.fxgl.notification.view.XboxNotificationView
13:53:48.305 [FXGL Background Thread 3 ] DEBUG Engine               - pixelsPerMeter: 50.0
13:53:48.305 [FXGL Background Thread 3 ] DEBUG Engine               - platform: WINDOWS
13:53:48.306 [FXGL Background Thread 3 ] DEBUG Engine               - prefHeightProperty: ReadOnlyDoubleProperty [value: 600.0]
13:53:48.306 [FXGL Background Thread 3 ] DEBUG Engine               - prefWidthProperty: ReadOnlyDoubleProperty [value: 600.0]
13:53:48.306 [FXGL Background Thread 3 ] DEBUG Engine               - profileDir: profiles/
13:53:48.306 [FXGL Background Thread 3 ] DEBUG Engine               - profileName: StringProperty [value: DEFAULT]
13:53:48.306 [FXGL Background Thread 3 ] DEBUG Engine               - randomSeed: -1
13:53:48.306 [FXGL Background Thread 3 ] DEBUG Engine               - runtimeInfo: RuntimeInfo(platform=WINDOWS, version=11.17, build=16.07.2021 15.46)
13:53:48.307 [FXGL Background Thread 3 ] DEBUG Engine               - saveFileExt: sav
13:53:48.307 [FXGL Background Thread 3 ] DEBUG Engine               - scaledHeightProp$fxgl: DoubleProperty [bound, value: 600.0]
13:53:48.307 [FXGL Background Thread 3 ] DEBUG Engine               - scaledWidthProp$fxgl: DoubleProperty [bound, value: 600.0]
13:53:48.307 [FXGL Background Thread 3 ] DEBUG Engine               - sceneFactory: com.example.bombermanfxgl.BombermanApp$1@2912688
13:53:48.307 [FXGL Background Thread 3 ] DEBUG Engine               - secondsIn24h: 60
13:53:48.307 [FXGL Background Thread 3 ] DEBUG Engine               - soundMenuBack: menu/back.wav
13:53:48.307 [FXGL Background Thread 3 ] DEBUG Engine               - soundMenuPress: menu/press.wav
13:53:48.308 [FXGL Background Thread 3 ] DEBUG Engine               - soundMenuSelect: menu/select.wav
13:53:48.308 [FXGL Background Thread 3 ] DEBUG Engine               - soundNotification: core/notification.wav
13:53:48.308 [FXGL Background Thread 3 ] DEBUG Engine               - stageStyle: DECORATED
13:53:48.308 [FXGL Background Thread 3 ] DEBUG Engine               - supportedLanguages: [ENGLISH, FRENCH, GERMAN, HUNGARIAN, RUSSIAN]
13:53:48.308 [FXGL Background Thread 3 ] DEBUG Engine               - ticksPerSecond: -1
13:53:48.308 [FXGL Background Thread 3 ] DEBUG Engine               - title: BombermanFXGL 
13:53:48.308 [FXGL Background Thread 3 ] DEBUG Engine               - urlGithub: https://github.com/AlmasB/FXGL
13:53:48.308 [FXGL Background Thread 3 ] DEBUG Engine               - urlLeaderboard: http://fxgl-top.herokuapp.com/
13:53:48.308 [FXGL Background Thread 3 ] DEBUG Engine               - urlPOM: https://raw.githubusercontent.com/AlmasB/FXGL/release/README.md
13:53:48.309 [FXGL Background Thread 3 ] DEBUG Engine               - userAppClass: class com.example.bombermanfxgl.BombermanApp
13:53:48.309 [FXGL Background Thread 3 ] DEBUG Engine               - version: 0.1
13:53:48.309 [FXGL Background Thread 3 ] DEBUG Engine               - versionCheckDays: 7
13:53:48.309 [FXGL Background Thread 3 ] DEBUG Engine               - width: 600
13:53:48.309 [FXGL Background Thread 3 ] DEBUG Engine               - Logging services
13:53:48.309 [FXGL Background Thread 3 ] DEBUG Engine               - class com.almasb.fxgl.app.services.FXGLAssetLoaderService
13:53:48.309 [FXGL Background Thread 3 ] DEBUG Engine               - class com.almasb.fxgl.app.FXGLApplication$GameApplicationService
13:53:48.309 [FXGL Background Thread 3 ] DEBUG Engine               - class com.almasb.fxgl.app.services.FXGLDialogService
13:53:48.310 [FXGL Background Thread 3 ] DEBUG Engine               - class com.almasb.fxgl.app.services.IOTaskExecutorService
13:53:48.310 [FXGL Background Thread 3 ] DEBUG Engine               - class com.almasb.fxgl.io.FileSystemService
13:53:48.310 [FXGL Background Thread 3 ] DEBUG Engine               - class com.almasb.fxgl.localization.LocalizationService
13:53:48.310 [FXGL Background Thread 3 ] DEBUG Engine               - class com.almasb.fxgl.app.services.SystemBundleService
13:53:48.310 [FXGL Background Thread 3 ] DEBUG Engine               - class com.almasb.fxgl.profile.SaveLoadService
13:53:48.310 [FXGL Background Thread 3 ] DEBUG Engine               - class com.almasb.fxgl.ui.FXGLUIFactoryServiceProvider
13:53:48.310 [FXGL Background Thread 3 ] DEBUG Engine               - class com.almasb.fxgl.ui.FXGLDialogFactoryServiceProvider
13:53:48.311 [FXGL Background Thread 3 ] DEBUG Engine               - class com.almasb.fxgl.audio.AudioPlayer
13:53:48.311 [FXGL Background Thread 3 ] DEBUG Engine               - class com.almasb.fxgl.notification.impl.NotificationServiceProvider
13:53:48.311 [FXGL Background Thread 3 ] DEBUG Engine               - class com.almasb.fxgl.achievement.AchievementService
13:53:48.311 [FXGL Background Thread 3 ] DEBUG Engine               - class com.almasb.fxgl.cutscene.CutsceneService
13:53:48.311 [FXGL Background Thread 3 ] DEBUG Engine               - class com.almasb.fxgl.minigames.MiniGameService
13:53:48.311 [FXGL Background Thread 3 ] DEBUG Engine               - class com.almasb.fxgl.net.NetService
13:53:48.311 [FXGL Background Thread 3 ] DEBUG Engine               - class com.almasb.fxgl.app.services.UpdaterService
13:53:48.312 [FXGL Background Thread 3 ] DEBUG Engine               - class com.almasb.fxgl.dev.DevService
13:53:50.774 [JavaFX Application Thread] DEBUG FXGLApplication      - Exiting FXGL
13:53:50.774 [JavaFX Application Thread] DEBUG LoopRunner           - Stopping loop
13:53:50.774 [JavaFX Application Thread] DEBUG SystemBundleService  - Saving FXGL system data
13:53:50.776 [JavaFX Application Thread] DEBUG FileSystemAccess     - Writing to: C:\Users\HP\intellij\bombermanFXGL\system\fxgl.bundle
13:53:50.778 [JavaFX Application Thread] DEBUG Async                - Shutting down background threads
13:53:50.778 [JavaFX Application Thread] DEBUG PrimaryStageWindow   - Closing main window
13:53:50.802 [JavaFX Application Thread] DEBUG Logger               - Closing Logger
